<?xml version="1.0" encoding="UTF-8"?>
<testsuite name="FileUtils.PlaylistTest" tests="4" skipped="0" failures="0" errors="0" timestamp="2022-06-18T06:03:27" hostname="myarchchristoph" time="0.008">
  <properties/>
  <testcase name="testAddToPlaylist()" classname="FileUtils.PlaylistTest" time="0.004"/>
  <testcase name="testFileConstructor()" classname="FileUtils.PlaylistTest" time="0.002"/>
  <testcase name="testDefaultConstructor()" classname="FileUtils.PlaylistTest" time="0.001"/>
  <testcase name="testShufflePlaylist()" classname="FileUtils.PlaylistTest" time="0.001"/>
  <system-out><![CDATA[]]></system-out>
  <system-err><![CDATA[]]></system-err>
</testsuite>
